Script handler ready. Waiting for a while to ensure all other mods are done messing with NEI.
Starting NEI Filter scripting. This might take a moment to load all the modules...
Engine: JAVASCRIPT
Setting up Java Library...
Setting up FML Library...
Setting up NEI Library...
Setting up CreativeTab library...
DragonAPI:minecraft:bed_technical has a bad registry name! Attempting to parse and reassemble correctly...
Parsed bad name into: modid: DragonAPI, name: minecraft:bed_technical. If this is not correct please report it as a bug!
The mod DragonAPI is registering items or blocks with bad registry names. Names should not contain multiple colons as it breaks the ability to do reverse-lookups through FML. Please tell whoever made this mod that this should be changed!
DragonAPI:minecraft:brewing_stand_technical has a bad registry name! Attempting to parse and reassemble correctly...
Parsed bad name into: modid: DragonAPI, name: minecraft:brewing_stand_technical. If this is not correct please report it as a bug!
DragonAPI:minecraft:cake_technical has a bad registry name! Attempting to parse and reassemble correctly...
Parsed bad name into: modid: DragonAPI, name: minecraft:cake_technical. If this is not correct please report it as a bug!
DragonAPI:minecraft:cauldron_technical has a bad registry name! Attempting to parse and reassemble correctly...
Parsed bad name into: modid: DragonAPI, name: minecraft:cauldron_technical. If this is not correct please report it as a bug!
DragonAPI:minecraft:flower_pot_technical has a bad registry name! Attempting to parse and reassemble correctly...
Parsed bad name into: modid: DragonAPI, name: minecraft:flower_pot_technical. If this is not correct please report it as a bug!
DragonAPI:minecraft:iron_door_technical has a bad registry name! Attempting to parse and reassemble correctly...
Parsed bad name into: modid: DragonAPI, name: minecraft:iron_door_technical. If this is not correct please report it as a bug!
DragonAPI:minecraft:lit_redstone_lamp_technical has a bad registry name! Attempting to parse and reassemble correctly...
Parsed bad name into: modid: DragonAPI, name: minecraft:lit_redstone_lamp_technical. If this is not correct please report it as a bug!
DragonAPI:minecraft:lit_redstone_ore_technical has a bad registry name! Attempting to parse and reassemble correctly...
Parsed bad name into: modid: DragonAPI, name: minecraft:lit_redstone_ore_technical. If this is not correct please report it as a bug!
DragonAPI:minecraft:melon_stem_technical has a bad registry name! Attempting to parse and reassemble correctly...
Parsed bad name into: modid: DragonAPI, name: minecraft:melon_stem_technical. If this is not correct please report it as a bug!
DragonAPI:minecraft:nether_wart_technical has a bad registry name! Attempting to parse and reassemble correctly...
Parsed bad name into: modid: DragonAPI, name: minecraft:nether_wart_technical. If this is not correct please report it as a bug!
DragonAPI:minecraft:piston_head_technical has a bad registry name! Attempting to parse and reassemble correctly...
Parsed bad name into: modid: DragonAPI, name: minecraft:piston_head_technical. If this is not correct please report it as a bug!
DragonAPI:minecraft:powered_comparator_technical has a bad registry name! Attempting to parse and reassemble correctly...
Parsed bad name into: modid: DragonAPI, name: minecraft:powered_comparator_technical. If this is not correct please report it as a bug!
DragonAPI:minecraft:powered_repeater_technical has a bad registry name! Attempting to parse and reassemble correctly...
Parsed bad name into: modid: DragonAPI, name: minecraft:powered_repeater_technical. If this is not correct please report it as a bug!
DragonAPI:minecraft:pumpkin_stem_technical has a bad registry name! Attempting to parse and reassemble correctly...
Parsed bad name into: modid: DragonAPI, name: minecraft:pumpkin_stem_technical. If this is not correct please report it as a bug!
DragonAPI:minecraft:redstone_wire_technical has a bad registry name! Attempting to parse and reassemble correctly...
Parsed bad name into: modid: DragonAPI, name: minecraft:redstone_wire_technical. If this is not correct please report it as a bug!
DragonAPI:minecraft:reeds_technical has a bad registry name! Attempting to parse and reassemble correctly...
Parsed bad name into: modid: DragonAPI, name: minecraft:reeds_technical. If this is not correct please report it as a bug!
DragonAPI:minecraft:skull_technical has a bad registry name! Attempting to parse and reassemble correctly...
Parsed bad name into: modid: DragonAPI, name: minecraft:skull_technical. If this is not correct please report it as a bug!
DragonAPI:minecraft:standing_sign_technical has a bad registry name! Attempting to parse and reassemble correctly...
Parsed bad name into: modid: DragonAPI, name: minecraft:standing_sign_technical. If this is not correct please report it as a bug!
DragonAPI:minecraft:tripwire_technical has a bad registry name! Attempting to parse and reassemble correctly...
Parsed bad name into: modid: DragonAPI, name: minecraft:tripwire_technical. If this is not correct please report it as a bug!
DragonAPI:minecraft:unlit_redstone_torch_technical has a bad registry name! Attempting to parse and reassemble correctly...
Parsed bad name into: modid: DragonAPI, name: minecraft:unlit_redstone_torch_technical. If this is not correct please report it as a bug!
DragonAPI:minecraft:unpowered_comparator_technical has a bad registry name! Attempting to parse and reassemble correctly...
Parsed bad name into: modid: DragonAPI, name: minecraft:unpowered_comparator_technical. If this is not correct please report it as a bug!
DragonAPI:minecraft:unpowered_repeater_technical has a bad registry name! Attempting to parse and reassemble correctly...
Parsed bad name into: modid: DragonAPI, name: minecraft:unpowered_repeater_technical. If this is not correct please report it as a bug!
DragonAPI:minecraft:wall_sign_technical has a bad registry name! Attempting to parse and reassemble correctly...
Parsed bad name into: modid: DragonAPI, name: minecraft:wall_sign_technical. If this is not correct please report it as a bug!
DragonAPI:minecraft:wheat_technical has a bad registry name! Attempting to parse and reassemble correctly...
Parsed bad name into: modid: DragonAPI, name: minecraft:wheat_technical. If this is not correct please report it as a bug!
DragonAPI:minecraft:wooden_door_technical has a bad registry name! Attempting to parse and reassemble correctly...
Parsed bad name into: modid: DragonAPI, name: minecraft:wooden_door_technical. If this is not correct please report it as a bug!
Found creative tab: amtjp
Found creative tab: agricraft
Found creative tab: materials
Found creative tab: tools
Found creative tab: BiblioCraft
Found creative tab: BiblioCraftLights
Found creative tab: BiblioWoodsForestry
Found creative tab: buildcraft.main
Found creative tab: buildcraft.pipes
Found creative tab: buildcraft.boards
Found creative tab: buildcraft.gates
Found creative tab: CarpentersBlocks
Found creative tab: ChromatiCraft Deco
Found creative tab: ChromatiCraft Worldgen
Found creative tab: ChromatiCraft
Found creative tab: ChromatiCraft Tools
Found creative tab: ChromatiCraft Items
Found creative tab: CC Info Fragments
Found creative tab: dcironchain
Found creative tab: applemilkcontainer
Found creative tab: applemilk
Found creative tab: applemilkfood
Found creative tab: applemilkmaterial
Found creative tab: applemilkmagic
Found creative tab: ElectriCraft
Found creative tab: enchiridion
Found creative tab: EnderTechAll
Found creative tab: EnhancedInventories
Found creative tab: transportation
Found creative tab: redstone
Found creative tab: extraUtil
Found creative tab: combat
Found creative tab: extrabiomesTab
Found creative tab: decorations
Found creative tab: apiculture
Found creative tab: forestry
Found creative tab: arboriculture
Found creative tab: lepidopterology
Found creative tab: gardenCore
Found creative tab: gardenTrees
Found creative tab: GeoStrata
Found creative tab: GeoStrata Ores
Found creative tab: GeoStrata Slabs
Found creative tab: GeoStrata Stairs
Found creative tab: tabGraveStone
Found creative tab: misc
Found creative tab: tabGrowthCraft
Found creative tab: tabGrCCellar
Found creative tab: food
Found creative tab: buildingBlocks
Found creative tab: InventoryTools
Found creative tab: JAKJ_RedstoneInMotion
Found creative tab: loreexp
Found creative tab: magicBees
Found creative tab: mariculture.core
Found creative tab: mariculture.fishing
Found creative tab: mariculture.world
Found creative tab: mariculture.magic
Found creative tab: mariculture.machines
Found creative tab: Nether Ores
Found creative tab: OpenComputers
Found creative tab: core
Found creative tab: fab
Found creative tab: ill
Found creative tab: int
Found creative tab: trans
Found creative tab: quadrum.item
Found creative tab: railcraft
Found creative tab: Random Things
Found creative tab: RotaryCraft
Found creative tab: RotaryCraft Tools
Found creative tab: RotaryCraft Items
Found creative tab: Mod Ores
Found creative tab: Spawners
Found creative tab: tabSilentGems
Found creative tab: storageDrawers
Found creative tab: storageDrawersForestry
Found creative tab: storageDrawersMisc
Found creative tab: thermalfoundation.creativeTab
Found creative tab: thermalfoundation.creativeTabArmor
Found creative tab: thermalfoundation.creativeTabTools
Found creative tab: twilightForest
Found creative tab: UsefulFood
Found creative tab: appliedenergistics2
Found creative tab: appliedenergistics2.facades
Found creative tab: Battlegear2
Found creative tab: Baublelicious
Found creative tab: catwalks
Found creative tab: tabWoodChiselBlocks
Found creative tab: tabStairChiselBlocks
Found creative tab: tabModdedChiselBlocks
Found creative tab: tabStoneChiselBlocks
Found creative tab: tabOtherChiselBlocks
Found creative tab: tabChisel
Found creative tab: tabMetalChiselBlocks
Found creative tab: fairylights
Found creative tab: Hammerz
Found creative tab: ironbackpacks
Found creative tab: MagnanimousTools
Found creative tab: menagerie
Found creative tab: brewing
Found creative tab: tab_modRoriPantsu
Found creative tab: ocminecart.modtab
Found creative tab: inventoryGenerators
Found creative tab: structureTools
Found creative tab: runicdungeons
Found creative tab: search
Found creative tab: tis3d
Found creative tab: tabWitchery
Found creative tab: yegamolchattels
Found creative tab: ygc_entityvita
Setting up ForgeMicroblock Library...
Setting up ExtraUtilities Library...
Setting up BuildCraft Library...
Setting up Applied Energistics 2 Library...
Loading table of contents for module: custom_nei_filters, 1.0, Author: denoflionsx
Bootstrap setting found. Loading: Bootstrap.js
Loading: vanilla.js
hide called. Params: minecraft, portal
Regex match found! minecraft:portal matches minecraft:portal.
Found ItemStack minecraft:portal. 64xtile.portal@0
hide called. Params: minecraft, end_portal
Regex match found! minecraft:end_portal matches minecraft:end_portal.
Found ItemStack minecraft:end_portal. 64xtile.null@0
hide called. Params: minecraft, fire
Regex match found! minecraft:fire matches minecraft:fire.
Found ItemStack minecraft:fire. 64xtile.fire@0
hide called. Params: minecraft, water
Regex match found! minecraft:water matches minecraft:water.
Found ItemStack minecraft:water. 64xtile.water@0
hide called. Params: minecraft, lava
Regex match found! minecraft:lava matches minecraft:lava.
Found ItemStack minecraft:lava. 64xtile.lava@0
hide called. Params: minecraft, mob_spawner
Regex match found! minecraft:mob_spawner matches minecraft:mob_spawner.
Found ItemStack minecraft:mob_spawner. 64xtile.mobSpawner@0
override called. Params: minecraft, potion, 0
Regex match found! minecraft:potion matches minecraft:potion.
Found ItemStack minecraft:potion. 1xitem.potion@0
override called. Params: minecraft, spawn_egg, 0
Regex match found! minecraft:spawn_egg matches minecraft:spawn_egg.
Found ItemStack minecraft:spawn_egg. 64xitem.monsterPlacer@0
Loading: ThermalExpansion.js
Loading: ForgeMicroblock.js
getRandomMaterial called. Returned: ChromatiCraft:chromaticraft_block_dye_7
obliterate_microblocks called (version in info.inpureprojects.core.NEI.gtfoMicroblocks.ScriptObjects.ForgeMicroblockObject). Params: 1,2,4,257,258,260,513,514,516,769,770,772, ChromatiCraft:chromaticraft_block_dye_7
Loading: ExtraUtilities.js
override called. Params: ExtraUtilities, drum, 0,1
Regex match found! ExtraUtilities:drum matches ExtraUtilities:drum.
Found ItemStack ExtraUtilities:drum. 64xtile.extrautils:drum@0
getRandomMaterial called. Returned: ChromatiCraft:chromaticraft_block_dye_5
obliterate_microblocks called (version in info.inpureprojects.core.NEI.gtfoMicroblocks.ScriptObjects.ExtraUtilitiesObject). Params: 1,2,3, ChromatiCraft:chromaticraft_block_dye_5
Loading: BuildCraft.js
getFacadesSize called. Returned: 2937
obliterate_microblocks called (version in info.inpureprojects.core.NEI.gtfoMicroblocks.ScriptObjects.BCObject). Params: 1817
Loading: Bibliocraft.js
override called. Params: BiblioCraft, *, 0
Regex match found! BiblioCraft:* matches BiblioCraft:Armor Stand.
Regex match found! BiblioCraft:* matches BiblioCraft:BiblioBell.
Regex match found! BiblioCraft:* matches BiblioCraft:BiblioBorderlessPainting.
Regex match found! BiblioCraft:* matches BiblioCraft:BiblioCase.
Regex match found! BiblioCraft:* matches BiblioCraft:BiblioClipboard.
Regex match found! BiblioCraft:* matches BiblioCraft:BiblioClock.
Regex match found! BiblioCraft:* matches BiblioCraft:BiblioDesk.
Regex match found! BiblioCraft:* matches BiblioCraft:BiblioFancyPainting.
Regex match found! BiblioCraft:* matches BiblioCraft:BiblioFancySign.
Regex match found! BiblioCraft:* matches BiblioCraft:BiblioFlatPainting.
Regex match found! BiblioCraft:* matches BiblioCraft:BiblioIronLamp.
Regex match found! BiblioCraft:* matches BiblioCraft:BiblioIronLantern.
Regex match found! BiblioCraft:* matches BiblioCraft:BiblioLabel.
Regex match found! BiblioCraft:* matches BiblioCraft:BiblioLamp.
Regex match found! BiblioCraft:* matches BiblioCraft:BiblioLantern.
Regex match found! BiblioCraft:* matches BiblioCraft:BiblioMapFrames.
Regex match found! BiblioCraft:* matches BiblioCraft:BiblioMiddlePainting.
Regex match found! BiblioCraft:* matches BiblioCraft:BiblioPaintPress.
Regex match found! BiblioCraft:* matches BiblioCraft:BiblioPaneler.
Regex match found! BiblioCraft:* matches BiblioCraft:BiblioPotionShelf.
Regex match found! BiblioCraft:* matches BiblioCraft:BiblioRack.
Regex match found! BiblioCraft:* matches BiblioCraft:BiblioSeats.
Regex match found! BiblioCraft:* matches BiblioCraft:BiblioShelf.
Regex match found! BiblioCraft:* matches BiblioCraft:BiblioSimplePainting.
Regex match found! BiblioCraft:* matches BiblioCraft:BiblioStuffs.
Regex match found! BiblioCraft:* matches BiblioCraft:BiblioSwordPedestal.
Regex match found! BiblioCraft:* matches BiblioCraft:BiblioTable.
Regex match found! BiblioCraft:* matches BiblioCraft:BiblioTypewriter.
Regex match found! BiblioCraft:* matches BiblioCraft:BiblioWorkbench.
Regex match found! BiblioCraft:* matches BiblioCraft:Bibliotheca.
Regex match found! BiblioCraft:* matches BiblioCraft:BookcaseFilled.
Regex match found! BiblioCraft:* matches BiblioCraft:Printing Press.
Regex match found! BiblioCraft:* matches BiblioCraft:Typesetting Machine.
Regex match found! BiblioCraft:* matches BiblioCraft:item.AtlasBook.
Regex match found! BiblioCraft:* matches BiblioCraft:item.AtlasPlate.
Regex match found! BiblioCraft:* matches BiblioCraft:item.BiblioChase.
Regex match found! BiblioCraft:* matches BiblioCraft:item.BiblioClipboard.
Regex match found! BiblioCraft:* matches BiblioCraft:item.BiblioCreativeLock.
Regex match found! BiblioCraft:* matches BiblioCraft:item.BiblioDrill.
Regex match found! BiblioCraft:* matches BiblioCraft:item.BiblioGlasses.
Regex match found! BiblioCraft:* matches BiblioCraft:item.BiblioMapTool.
Regex match found! BiblioCraft:* matches BiblioCraft:item.BiblioRedBook.
Regex match found! BiblioCraft:* matches BiblioCraft:item.BiblioWayPointCompass.
Regex match found! BiblioCraft:* matches BiblioCraft:item.BigBook.
Regex match found! BiblioCraft:* matches BiblioCraft:item.DeathCompass.
Regex match found! BiblioCraft:* matches BiblioCraft:item.EnchantedPlate.
Regex match found! BiblioCraft:* matches BiblioCraft:item.FramingBoard.
Regex match found! BiblioCraft:* matches BiblioCraft:item.FramingSaw.
Regex match found! BiblioCraft:* matches BiblioCraft:item.FramingSheet.
Regex match found! BiblioCraft:* matches BiblioCraft:item.HandDrill.
Regex match found! BiblioCraft:* matches BiblioCraft:item.PaintingCanvas.
Regex match found! BiblioCraft:* matches BiblioCraft:item.PlumbLine.
Regex match found! BiblioCraft:* matches BiblioCraft:item.PrintPlate.
Regex match found! BiblioCraft:* matches BiblioCraft:item.RecipeBook.
Regex match found! BiblioCraft:* matches BiblioCraft:item.SlottedBook.
Regex match found! BiblioCraft:* matches BiblioCraft:item.StockroomCatalog.
Regex match found! BiblioCraft:* matches BiblioCraft:item.TesterItem.
Regex match found! BiblioCraft:* matches BiblioCraft:item.seatBack.
Regex match found! BiblioCraft:* matches BiblioCraft:item.seatBack2.
Regex match found! BiblioCraft:* matches BiblioCraft:item.seatBack3.
Regex match found! BiblioCraft:* matches BiblioCraft:item.seatBack4.
Regex match found! BiblioCraft:* matches BiblioCraft:item.seatBack5.
Regex match found! BiblioCraft:* matches BiblioCraft:item.tape.
Regex match found! BiblioCraft:* matches BiblioCraft:item.tapeMeasure.
Regex match found! BiblioCraft:* matches BiblioCraft:tile.BiblioFramedChest.
Found ItemStack BiblioCraft:Armor Stand. 64xtile.BiblioArmorStand@0
Found ItemStack BiblioCraft:BiblioBell. 64xtile.BiblioBell@0
Found ItemStack BiblioCraft:BiblioBorderlessPainting. 64xtile.BiblioBorderlessPainting@0
Found ItemStack BiblioCraft:BiblioCase. 64xtile.BiblioCase@0
Found ItemStack BiblioCraft:BiblioClipboard. 64xtile.BiblioClipboard@0
Found ItemStack BiblioCraft:BiblioClock. 64xtile.BiblioClock@0
Found ItemStack BiblioCraft:BiblioDesk. 64xtile.BiblioDesk@0
Found ItemStack BiblioCraft:BiblioFancyPainting. 64xtile.BiblioFancyPainting@0
Found ItemStack BiblioCraft:BiblioFancySign. 64xtile.BiblioFancySign@0
Found ItemStack BiblioCraft:BiblioFlatPainting. 64xtile.BiblioFlatPainting@0
Found ItemStack BiblioCraft:BiblioIronLamp. 64xtile.BiblioIronLamp@0
Found ItemStack BiblioCraft:BiblioIronLantern. 64xtile.BiblioIronLantern@0
Found ItemStack BiblioCraft:BiblioLabel. 64xtile.BiblioLabel@0
Found ItemStack BiblioCraft:BiblioLamp. 64xtile.BiblioLamp@0
Found ItemStack BiblioCraft:BiblioLantern. 64xtile.BiblioLantern@0
Found ItemStack BiblioCraft:BiblioMapFrames. 64xtile.BiblioMapFrames@0
Found ItemStack BiblioCraft:BiblioMiddlePainting. 64xtile.BiblioMiddlePainting@0
Found ItemStack BiblioCraft:BiblioPaintPress. 64xtile.BiblioPaintPress@0
Found ItemStack BiblioCraft:BiblioPaneler. 64xtile.BiblioPaneler@0
Found ItemStack BiblioCraft:BiblioPotionShelf. 64xtile.BiblioPotionShelf@0
Found ItemStack BiblioCraft:BiblioRack. 64xtile.BiblioRack@0
Found ItemStack BiblioCraft:BiblioSeats. 64xtile.BiblioSeats@0
Found ItemStack BiblioCraft:BiblioShelf. 64xtile.BiblioShelf@0
Found ItemStack BiblioCraft:BiblioSimplePainting. 64xtile.BiblioSimplePainting@0
Found ItemStack BiblioCraft:BiblioStuffs. 64xtile.BiblioStuffs@0
Found ItemStack BiblioCraft:BiblioSwordPedestal. 64xtile.BiblioSwordPedestal@0
Found ItemStack BiblioCraft:BiblioTable. 64xtile.BiblioTable@0
Found ItemStack BiblioCraft:BiblioTypewriter. 64xtile.BiblioTypewriter@0
Found ItemStack BiblioCraft:BiblioWorkbench. 64xtile.BiblioWorkbench@0
Found ItemStack BiblioCraft:Bibliotheca. 64xtile.BiblioBookcase@0
Found ItemStack BiblioCraft:BookcaseFilled. 64xtile.BookcaseFilled@0
Found ItemStack BiblioCraft:Printing Press. 64xtile.BiblioPress@0
Found ItemStack BiblioCraft:Typesetting Machine. 64xtile.BiblioType@0
Found ItemStack BiblioCraft:item.AtlasBook. 1xitem.AtlasBook@0
Found ItemStack BiblioCraft:item.AtlasPlate. 1xitem.AtlasPlate@0
Found ItemStack BiblioCraft:item.BiblioChase. 64xitem.BiblioChase@0
Found ItemStack BiblioCraft:item.BiblioClipboard. 1xitem.BiblioClipboard@0
Found ItemStack BiblioCraft:item.BiblioCreativeLock. 1xitem.BiblioCreativeLock@0
Found ItemStack BiblioCraft:item.BiblioDrill. 1xitem.BiblioDrill@0
Found ItemStack BiblioCraft:item.BiblioGlasses. 1xitem.BiblioGlasses@0
Found ItemStack BiblioCraft:item.BiblioMapTool. 1xitem.BiblioMapTool@0
Found ItemStack BiblioCraft:item.BiblioRedBook. 64xitem.BiblioRedBook@0
Found ItemStack BiblioCraft:item.BiblioWayPointCompass. 1xitem.BiblioWayPointCompass@0
Found ItemStack BiblioCraft:item.BigBook. 1xitem.BigBook@0
Found ItemStack BiblioCraft:item.DeathCompass. 64xitem.DeathCompass@0
Found ItemStack BiblioCraft:item.EnchantedPlate. 1xitem.EnchantedPlate@0
Found ItemStack BiblioCraft:item.FramingBoard. 64xitem.FramingBoard@0
Found ItemStack BiblioCraft:item.FramingSaw. 1xitem.FramingSaw@0
Found ItemStack BiblioCraft:item.FramingSheet. 64xitem.FramingSheet@0
Found ItemStack BiblioCraft:item.HandDrill. 1xitem.HandDrill@0
Found ItemStack BiblioCraft:item.PaintingCanvas. 64xitem.PaintingCanvas@0
Found ItemStack BiblioCraft:item.PlumbLine. 1xitem.PlumbLine@0
Found ItemStack BiblioCraft:item.PrintPlate. 1xitem.PrintPlate@0
Found ItemStack BiblioCraft:item.RecipeBook. 1xitem.RecipeBook@0
Found ItemStack BiblioCraft:item.SlottedBook. 1xitem.SlottedBook@0
Found ItemStack BiblioCraft:item.StockroomCatalog. 1xitem.StockroomCatalog@0
Found ItemStack BiblioCraft:item.TesterItem. 1xitem.TesterItem@0
Found ItemStack BiblioCraft:item.seatBack. 64xitem.seatBack@0
Found ItemStack BiblioCraft:item.seatBack2. 64xitem.seatBack@0
Found ItemStack BiblioCraft:item.seatBack3. 64xitem.seatBack@0
Found ItemStack BiblioCraft:item.seatBack4. 64xitem.seatBack@0
Found ItemStack BiblioCraft:item.seatBack5. 64xitem.seatBack@0
Found ItemStack BiblioCraft:item.tape. 64xitem.tape@0
Found ItemStack BiblioCraft:item.tapeMeasure. 1xitem.tapeMeasure@0
Found ItemStack BiblioCraft:tile.BiblioFramedChest. 64xtile.BiblioFramedChest@0
Loading: AppliedEnergistics2.js
getFacadeItem called. Returned: appliedenergistics2:item.ItemFacade
getSubTypes called.
getNumberOfTypes called. Returned: 1997
override called. Params: appliedenergistics2, item.ItemFacade, 1681
Regex match found! appliedenergistics2:item.ItemFacade matches appliedenergistics2:item.ItemFacade.
Found ItemStack appliedenergistics2:item.ItemFacade. 64xitem.appliedenergistics2.ItemFacade@0
Loading: yegamolchattels.js
hide called. Params: yegamolchattels, entity_vita
Regex match found! yegamolchattels:entity_vita matches yegamolchattels:entity_vita.
Found ItemStack yegamolchattels:entity_vita. 64xitem.ygcEntityVita@0
Loading: TwilightForest.js
hide called. Params: TwilightForest, tile.TFBossSpawner
Regex match found! TwilightForest:tile.TFBossSpawner matches TwilightForest:tile.TFBossSpawner.
Found ItemStack TwilightForest:tile.TFBossSpawner. 64xtile.TFBossSpawner@0
hide called. Params: TwilightForest, tile.TFTrophy
Regex match found! TwilightForest:tile.TFTrophy matches TwilightForest:tile.TFTrophy.
Found ItemStack TwilightForest:tile.TFTrophy. 64xtile.TFTrophy@0
hide called. Params: TwilightForest, *DoubleSlab
Regex match found! TwilightForest:*DoubleSlab matches TwilightForest:tile.AuroraDoubleSlab.
Found ItemStack TwilightForest:tile.AuroraDoubleSlab. 64xtile.AuroraDoubleSlab@0
hide called. Params: TwilightForest, item.tfspawnegg
Regex match found! TwilightForest:item.tfspawnegg matches TwilightForest:item.tfspawnegg.
Found ItemStack TwilightForest:item.tfspawnegg. 64xitem.tfspawnegg@0
Loading: chisel.js
hide called. Params: chisel, *slab_top
Regex match found! chisel:*slab_top matches chisel:limestone_slab_top.
Regex match found! chisel:*slab_top matches chisel:marble_pillar_slab_top.
Regex match found! chisel:*slab_top matches chisel:marble_slab_top.
Found ItemStack chisel:limestone_slab_top. 64xtile.chisel.limestone_slab@0
Found ItemStack chisel:marble_pillar_slab_top. 64xtile.chisel.marble_pillar_slab@0
Found ItemStack chisel:marble_slab_top. 64xtile.chisel.marble_slab@0
Loading: CarpentersBlocks.js
hide called. Params: CarpentersBlocks, blockCarpentersBed
Regex match found! CarpentersBlocks:blockCarpentersBed matches CarpentersBlocks:blockCarpentersBed.
Found ItemStack CarpentersBlocks:blockCarpentersBed. 64xtile.blockCarpentersBed@0
hide called. Params: CarpentersBlocks, blockCarpentersDoor
Regex match found! CarpentersBlocks:blockCarpentersDoor matches CarpentersBlocks:blockCarpentersDoor.
Found ItemStack CarpentersBlocks:blockCarpentersDoor. 64xtile.blockCarpentersDoor@0
Loading: BiblioWoodsForestry.js
override called. Params: BiblioWoodsForestry, *, 0
Regex match found! BiblioWoodsForestry:* matches BiblioWoodsForestry:BiblioWoodClock.
Regex match found! BiblioWoodsForestry:* matches BiblioWoodsForestry:BiblioWoodClock2.
Regex match found! BiblioWoodsForestry:* matches BiblioWoodsForestry:BiblioWoodFancySign.
Regex match found! BiblioWoodsForestry:* matches BiblioWoodsForestry:BiblioWoodFancySign2.
Regex match found! BiblioWoodsForestry:* matches BiblioWoodsForestry:BiblioWoodFancyWorkbench.
Regex match found! BiblioWoodsForestry:* matches BiblioWoodsForestry:BiblioWoodFancyWorkbench2.
Regex match found! BiblioWoodsForestry:* matches BiblioWoodsForestry:BiblioWoodFstBookcase.
Regex match found! BiblioWoodsForestry:* matches BiblioWoodsForestry:BiblioWoodFstBookcase2.
Regex match found! BiblioWoodsForestry:* matches BiblioWoodsForestry:BiblioWoodFstcase0.
Regex match found! BiblioWoodsForestry:* matches BiblioWoodsForestry:BiblioWoodFstcase1.
Regex match found! BiblioWoodsForestry:* matches BiblioWoodsForestry:BiblioWoodFstdesk.
Regex match found! BiblioWoodsForestry:* matches BiblioWoodsForestry:BiblioWoodFstdesk2.
Regex match found! BiblioWoodsForestry:* matches BiblioWoodsForestry:BiblioWoodFstlabel.
Regex match found! BiblioWoodsForestry:* matches BiblioWoodsForestry:BiblioWoodFstlabel2.
Regex match found! BiblioWoodsForestry:* matches BiblioWoodsForestry:BiblioWoodFstpotshelf.
Regex match found! BiblioWoodsForestry:* matches BiblioWoodsForestry:BiblioWoodFstpotshelf2.
Regex match found! BiblioWoodsForestry:* matches BiblioWoodsForestry:BiblioWoodFstrack.
Regex match found! BiblioWoodsForestry:* matches BiblioWoodsForestry:BiblioWoodFstrack2.
Regex match found! BiblioWoodsForestry:* matches BiblioWoodsForestry:BiblioWoodFstshelf.
Regex match found! BiblioWoodsForestry:* matches BiblioWoodsForestry:BiblioWoodFstshelf2.
Regex match found! BiblioWoodsForestry:* matches BiblioWoodsForestry:BiblioWoodFsttable.
Regex match found! BiblioWoodsForestry:* matches BiblioWoodsForestry:BiblioWoodFsttable2.
Regex match found! BiblioWoodsForestry:* matches BiblioWoodsForestry:BiblioWoodMapFrame.
Regex match found! BiblioWoodsForestry:* matches BiblioWoodsForestry:BiblioWoodMapFrame2.
Regex match found! BiblioWoodsForestry:* matches BiblioWoodsForestry:BiblioWoodPaintingT0.
Regex match found! BiblioWoodsForestry:* matches BiblioWoodsForestry:BiblioWoodPaintingT0b.
Regex match found! BiblioWoodsForestry:* matches BiblioWoodsForestry:BiblioWoodPaintingT1.
Regex match found! BiblioWoodsForestry:* matches BiblioWoodsForestry:BiblioWoodPaintingT1b.
Regex match found! BiblioWoodsForestry:* matches BiblioWoodsForestry:BiblioWoodPaintingT2.
Regex match found! BiblioWoodsForestry:* matches BiblioWoodsForestry:BiblioWoodPaintingT2b.
Regex match found! BiblioWoodsForestry:* matches BiblioWoodsForestry:BiblioWoodPaintingT3.
Regex match found! BiblioWoodsForestry:* matches BiblioWoodsForestry:BiblioWoodPaintingT3b.
Regex match found! BiblioWoodsForestry:* matches BiblioWoodsForestry:BiblioWoodPaintingT4.
Regex match found! BiblioWoodsForestry:* matches BiblioWoodsForestry:BiblioWoodPaintingT4b.
Regex match found! BiblioWoodsForestry:* matches BiblioWoodsForestry:BiblioWoodSeat.
Regex match found! BiblioWoodsForestry:* matches BiblioWoodsForestry:BiblioWoodSeat2.
Regex match found! BiblioWoodsForestry:* matches BiblioWoodsForestry:seatBack1.
Regex match found! BiblioWoodsForestry:* matches BiblioWoodsForestry:seatBack2.
Regex match found! BiblioWoodsForestry:* matches BiblioWoodsForestry:seatBack3.
Regex match found! BiblioWoodsForestry:* matches BiblioWoodsForestry:seatBack4.
Regex match found! BiblioWoodsForestry:* matches BiblioWoodsForestry:seatBack5.
Found ItemStack BiblioWoodsForestry:BiblioWoodClock. 64xtile.BiblioWoodClock@0
Found ItemStack BiblioWoodsForestry:BiblioWoodClock2. 64xtile.BiblioWoodClock2@0
Found ItemStack BiblioWoodsForestry:BiblioWoodFancySign. 64xtile.BiblioWoodFancySign@0
Found ItemStack BiblioWoodsForestry:BiblioWoodFancySign2. 64xtile.BiblioWoodFancySign2@0
Found ItemStack BiblioWoodsForestry:BiblioWoodFancyWorkbench. 64xtile.BiblioWoodFancyWorkbench@0
Found ItemStack BiblioWoodsForestry:BiblioWoodFancyWorkbench2. 64xtile.BiblioWoodFancyWorkbench2@0
Found ItemStack BiblioWoodsForestry:BiblioWoodFstBookcase. 64xtile.BiblioWoodFstBookcase@0
Found ItemStack BiblioWoodsForestry:BiblioWoodFstBookcase2. 64xtile.BiblioWoodFstBookcase2@0
Found ItemStack BiblioWoodsForestry:BiblioWoodFstcase0. 64xtile.BiblioWoodFstcase0@0
Found ItemStack BiblioWoodsForestry:BiblioWoodFstcase1. 64xtile.BiblioWoodFstcase1@0
Found ItemStack BiblioWoodsForestry:BiblioWoodFstdesk. 64xtile.BiblioWoodFstdesk@0
Found ItemStack BiblioWoodsForestry:BiblioWoodFstdesk2. 64xtile.BiblioWoodFstdesk2@0
Found ItemStack BiblioWoodsForestry:BiblioWoodFstlabel. 64xtile.BiblioWoodFstlabel@0
Found ItemStack BiblioWoodsForestry:BiblioWoodFstlabel2. 64xtile.BiblioWoodFstlabel2@0
Found ItemStack BiblioWoodsForestry:BiblioWoodFstpotshelf. 64xtile.BiblioWoodFstpotshelf@0
Found ItemStack BiblioWoodsForestry:BiblioWoodFstpotshelf2. 64xtile.BiblioWoodFstpotshelf2@0
Found ItemStack BiblioWoodsForestry:BiblioWoodFstrack. 64xtile.BiblioWoodFstrack@0
Found ItemStack BiblioWoodsForestry:BiblioWoodFstrack2. 64xtile.BiblioWoodFstrack2@0
Found ItemStack BiblioWoodsForestry:BiblioWoodFstshelf. 64xtile.BiblioWoodFstshelf@0
Found ItemStack BiblioWoodsForestry:BiblioWoodFstshelf2. 64xtile.BiblioWoodFstshelf2@0
Found ItemStack BiblioWoodsForestry:BiblioWoodFsttable. 64xtile.BiblioWoodFsttable@0
Found ItemStack BiblioWoodsForestry:BiblioWoodFsttable2. 64xtile.BiblioWoodFsttable2@0
Found ItemStack BiblioWoodsForestry:BiblioWoodMapFrame. 64xtile.BiblioWoodMapFrame@0
Found ItemStack BiblioWoodsForestry:BiblioWoodMapFrame2. 64xtile.BiblioWoodMapFrame2@0
Found ItemStack BiblioWoodsForestry:BiblioWoodPaintingT0. 64xtile.BiblioWoodPaintingT0@0
Found ItemStack BiblioWoodsForestry:BiblioWoodPaintingT0b. 64xtile.BiblioWoodPaintingT0b@0
Found ItemStack BiblioWoodsForestry:BiblioWoodPaintingT1. 64xtile.BiblioWoodPaintingT1@0
Found ItemStack BiblioWoodsForestry:BiblioWoodPaintingT1b. 64xtile.BiblioWoodPaintingT1b@0
Found ItemStack BiblioWoodsForestry:BiblioWoodPaintingT2. 64xtile.BiblioWoodPaintingT2@0
Found ItemStack BiblioWoodsForestry:BiblioWoodPaintingT2b. 64xtile.BiblioWoodPaintingT2b@0
Found ItemStack BiblioWoodsForestry:BiblioWoodPaintingT3. 64xtile.BiblioWoodPaintingT3@0
Found ItemStack BiblioWoodsForestry:BiblioWoodPaintingT3b. 64xtile.BiblioWoodPaintingT3b@0
Found ItemStack BiblioWoodsForestry:BiblioWoodPaintingT4. 64xtile.BiblioWoodPaintingT4@0
Found ItemStack BiblioWoodsForestry:BiblioWoodPaintingT4b. 64xtile.BiblioWoodPaintingT4b@0
Found ItemStack BiblioWoodsForestry:BiblioWoodSeat. 64xtile.BiblioWoodSeat@0
Found ItemStack BiblioWoodsForestry:BiblioWoodSeat2. 64xtile.BiblioWoodSea2t@0
Found ItemStack BiblioWoodsForestry:seatBack1. 64xitem.seatBack@0
Found ItemStack BiblioWoodsForestry:seatBack2. 64xitem.seatBack@0
Found ItemStack BiblioWoodsForestry:seatBack3. 64xitem.seatBack@0
Found ItemStack BiblioWoodsForestry:seatBack4. 64xitem.seatBack@0
Found ItemStack BiblioWoodsForestry:seatBack5. 64xitem.seatBack@0
Loading: reccomplex.js
hide called. Params: reccomplex, *
Regex match found! reccomplex:* matches reccomplex:artifactGenerationTag.
Regex match found! reccomplex:* matches reccomplex:blockSelector.
Regex match found! reccomplex:* matches reccomplex:blockSelectorFloating.
Regex match found! reccomplex:* matches reccomplex:bookGenerationTag.
Regex match found! reccomplex:* matches reccomplex:inventoryGenerationSingleTag.
Regex match found! reccomplex:* matches reccomplex:inventoryGenerationTag.
Regex match found! reccomplex:* matches reccomplex:inventory_generation_component_tag.
Regex match found! reccomplex:* matches reccomplex:mazeGenerator.
Regex match found! reccomplex:* matches reccomplex:naturalFloor.
Regex match found! reccomplex:* matches reccomplex:negativeSpace.
Regex match found! reccomplex:* matches reccomplex:structureGenerator.
Regex match found! reccomplex:* matches reccomplex:weighted_command_block.
Found ItemStack reccomplex:artifactGenerationTag. 64xitem.artifactGenerationTag@0
Found ItemStack reccomplex:blockSelector. 64xitem.blockSelector@0
Found ItemStack reccomplex:blockSelectorFloating. 64xitem.blockSelectorFloating@0
Found ItemStack reccomplex:bookGenerationTag. 64xitem.bookGenerationTag@0
Found ItemStack reccomplex:inventoryGenerationSingleTag. 64xitem.inventoryGenerationSingleTag@0
Found ItemStack reccomplex:inventoryGenerationTag. 64xitem.inventoryGenerationTag@0
Found ItemStack reccomplex:inventory_generation_component_tag. 64xitem.inventoryGenerationComponentTag@0
Found ItemStack reccomplex:mazeGenerator. 64xtile.mazeGenerator@0
Found ItemStack reccomplex:naturalFloor. 64xtile.naturalFloor@0
Found ItemStack reccomplex:negativeSpace. 64xtile.negativeSpace@0
Found ItemStack reccomplex:structureGenerator. 64xtile.structureGenerator@0
Found ItemStack reccomplex:weighted_command_block. 64xtile.spawnCommand@0
Loading: fairylights.js
override called. Params: fairylights, *, 0
Regex match found! fairylights:* matches fairylights:fairy_lights.
Regex match found! fairylights:* matches fairylights:fairy_lights_fastener.
Regex match found! fairylights:* matches fairylights:fairy_lights_fence.
Regex match found! fairylights:* matches fairylights:garland.
Regex match found! fairylights:* matches fairylights:light.
Regex match found! fairylights:* matches fairylights:tinsel.
Found ItemStack fairylights:fairy_lights. 16xitem.fairy_lights@0
Found ItemStack fairylights:fairy_lights_fastener. 64xtile.fairy_lights_fastener@0
Found ItemStack fairylights:fairy_lights_fence. 64xtile.fairy_lights_fence@0
Found ItemStack fairylights:garland. 16xitem.garland@0
Found ItemStack fairylights:light. 64xitem.light@0
Found ItemStack fairylights:tinsel. 16xitem.tinsel@0
Loading: StorageDrawersForestry.js
override called. Params: StorageDrawersForestry, *, 0
Regex match found! StorageDrawersForestry:* matches StorageDrawersForestry:fullDrawers1A.
Regex match found! StorageDrawersForestry:* matches StorageDrawersForestry:fullDrawers1B.
Regex match found! StorageDrawersForestry:* matches StorageDrawersForestry:fullDrawers2A.
Regex match found! StorageDrawersForestry:* matches StorageDrawersForestry:fullDrawers2B.
Regex match found! StorageDrawersForestry:* matches StorageDrawersForestry:fullDrawers4A.
Regex match found! StorageDrawersForestry:* matches StorageDrawersForestry:fullDrawers4B.
Regex match found! StorageDrawersForestry:* matches StorageDrawersForestry:halfDrawers2A.
Regex match found! StorageDrawersForestry:* matches StorageDrawersForestry:halfDrawers2B.
Regex match found! StorageDrawersForestry:* matches StorageDrawersForestry:halfDrawers4A.
Regex match found! StorageDrawersForestry:* matches StorageDrawersForestry:halfDrawers4B.
Regex match found! StorageDrawersForestry:* matches StorageDrawersForestry:trimA.
Regex match found! StorageDrawersForestry:* matches StorageDrawersForestry:trimB.
Found ItemStack StorageDrawersForestry:fullDrawers1A. 64xtile.storagedrawersforestry.fullDrawers1@0
Found ItemStack StorageDrawersForestry:fullDrawers1B. 64xtile.storagedrawersforestry.fullDrawers1@0
Found ItemStack StorageDrawersForestry:fullDrawers2A. 64xtile.storagedrawersforestry.fullDrawers2@0
Found ItemStack StorageDrawersForestry:fullDrawers2B. 64xtile.storagedrawersforestry.fullDrawers2@0
Found ItemStack StorageDrawersForestry:fullDrawers4A. 64xtile.storagedrawersforestry.fullDrawers4@0
Found ItemStack StorageDrawersForestry:fullDrawers4B. 64xtile.storagedrawersforestry.fullDrawers4@0
Found ItemStack StorageDrawersForestry:halfDrawers2A. 64xtile.storagedrawersforestry.halfDrawers2@0
Found ItemStack StorageDrawersForestry:halfDrawers2B. 64xtile.storagedrawersforestry.halfDrawers2@0
Found ItemStack StorageDrawersForestry:halfDrawers4A. 64xtile.storagedrawersforestry.halfDrawers4@0
Found ItemStack StorageDrawersForestry:halfDrawers4B. 64xtile.storagedrawersforestry.halfDrawers4@0
Found ItemStack StorageDrawersForestry:trimA. 64xtile.storagedrawersforestry.trim@0
Found ItemStack StorageDrawersForestry:trimB. 64xtile.storagedrawersforestry.trim@0
Loading: StorageDrawersMisc.js
override called. Params: StorageDrawersMisc, *, 0
Regex match found! StorageDrawersMisc:* matches StorageDrawersMisc:fullDrawers1_0.
Regex match found! StorageDrawersMisc:* matches StorageDrawersMisc:fullDrawers1_1.
Regex match found! StorageDrawersMisc:* matches StorageDrawersMisc:fullDrawers2_0.
Regex match found! StorageDrawersMisc:* matches StorageDrawersMisc:fullDrawers2_1.
Regex match found! StorageDrawersMisc:* matches StorageDrawersMisc:fullDrawers4_0.
Regex match found! StorageDrawersMisc:* matches StorageDrawersMisc:fullDrawers4_1.
Regex match found! StorageDrawersMisc:* matches StorageDrawersMisc:halfDrawers2_0.
Regex match found! StorageDrawersMisc:* matches StorageDrawersMisc:halfDrawers2_1.
Regex match found! StorageDrawersMisc:* matches StorageDrawersMisc:halfDrawers4_0.
Regex match found! StorageDrawersMisc:* matches StorageDrawersMisc:halfDrawers4_1.
Regex match found! StorageDrawersMisc:* matches StorageDrawersMisc:trim_0.
Regex match found! StorageDrawersMisc:* matches StorageDrawersMisc:trim_1.
Found ItemStack StorageDrawersMisc:fullDrawers1_0. 64xtile.storagedrawersmisc.fullDrawers1@0
Found ItemStack StorageDrawersMisc:fullDrawers1_1. 64xtile.storagedrawersmisc.fullDrawers1@0
Found ItemStack StorageDrawersMisc:fullDrawers2_0. 64xtile.storagedrawersmisc.fullDrawers2@0
Found ItemStack StorageDrawersMisc:fullDrawers2_1. 64xtile.storagedrawersmisc.fullDrawers2@0
Found ItemStack StorageDrawersMisc:fullDrawers4_0. 64xtile.storagedrawersmisc.fullDrawers4@0
Found ItemStack StorageDrawersMisc:fullDrawers4_1. 64xtile.storagedrawersmisc.fullDrawers4@0
Found ItemStack StorageDrawersMisc:halfDrawers2_0. 64xtile.storagedrawersmisc.halfDrawers2@0
Found ItemStack StorageDrawersMisc:halfDrawers2_1. 64xtile.storagedrawersmisc.halfDrawers2@0
Found ItemStack StorageDrawersMisc:halfDrawers4_0. 64xtile.storagedrawersmisc.halfDrawers4@0
Found ItemStack StorageDrawersMisc:halfDrawers4_1. 64xtile.storagedrawersmisc.halfDrawers4@0
Found ItemStack StorageDrawersMisc:trim_0. 64xtile.storagedrawersmisc.trim@0
Found ItemStack StorageDrawersMisc:trim_1. 64xtile.storagedrawersmisc.trim@0
Loading: GraveStone.js
override called. Params: GraveStone, GSGraveStone, 0
Regex match found! GraveStone:GSGraveStone matches GraveStone:GSGraveStone.
Found ItemStack GraveStone:GSGraveStone. 64xtile.GraveStone@0
override called. Params: GraveStone, GSMemorial, 0
Regex match found! GraveStone:GSMemorial matches GraveStone:GSMemorial.
Found ItemStack GraveStone:GSMemorial. 64xtile.Memorial@0
hide called. Params: GraveStone, Corpse
Regex match found! GraveStone:Corpse matches GraveStone:Corpse.
Found ItemStack GraveStone:Corpse. 64xitem.Corpse@0
Loading: ChromatiCraft.js
hide called. Params: ChromatiCraft, chromaticraft_item_fragment
Regex match found! ChromatiCraft:chromaticraft_item_fragment matches ChromatiCraft:chromaticraft_item_fragment.
Found ItemStack ChromatiCraft:chromaticraft_item_fragment. 1xitem.chroma.fragment@0
override called. Params: ChromatiCraft, chromaticraft_block_glow, 0
Regex match found! ChromatiCraft:chromaticraft_block_glow matches ChromatiCraft:chromaticraft_block_glow.
Found ItemStack ChromatiCraft:chromaticraft_block_glow. 64xtile.chroma.glow@0
