
---- Votes and Modules ----
default: |NEUTRAL|
onedamage: |default|MASK|
one: |default|MASK|
SHOW -shown(2)
NEUTRAL -shown(0)
oneid: |default|MASK|
MASK -hidden(1)
--------   Rules   --------
hide: |MASK|MASK|default|MASK|MASK|default|default|default|default|
keep-one: |one|one|default|one|one|default|default|default|default|
keep-oned: |onedamage|onedamage|default|onedamage|onedamage|default|default|default|default|
keep: |default|default|MASK|default|default|MASK|MASK|MASK|MASK|
keep-onei: |oneid|oneid|default|oneid|oneid|default|default|default|default|
show: |SHOW|SHOW|default|SHOW|SHOW|default|default|default|default|
----------------------------------------------------
4136 items registered
45 filters loaded
570 items matched in 418 ms
----------------------------------------------------

- appliedenergistics2 :
	+ item.ItemCrystalSeed:                     	keep-one:[0, 600, 1200]
	+ item.ItemEncodedPattern:                  	hide:[]
	+ item.ItemFacade:                          	keep-one:[]
	+ item.ItemMultiPart:                       	hide:[0, 1, 2, 3, 4, 5, 6, 7, 8, 9, 10, 11, 12, 13, 14, 15, 20, 21, 22, 23, 24, 25, 26, 27, 28, 29, 30, 31, 32, 33, 34, 35, 40, 41, 42, 43, 44, 45, 46, 47, 48, 49, 50, 51, 52, 53, 54, 55, 60, 61, 62, 63, 64, 65, 66, 67, 68, 69, 70, 71, 72, 73, 74, 75]
	+ item.ItemPaintBall:                       	keep:[0]
	+ item.ToolChargedStaff:                    	keep:[0]/[, {}]
	+ item.ToolColorApplicator:                 	keep:[0]/[, {}]
	+ item.ToolEntropyManipulator:              	keep:[0]/[, {}]
	+ item.ToolMassCannon:                      	keep:[0]/[, {}]
	+ item.ToolPortableCell:                    	keep:[0]/[, {}]
	+ item.ToolWirelessTerminal:                	keep:[0]/[, {}]
	+ tile.BlockCableBus:                       	hide:[]
	+ tile.BlockMatrixFrame:                    	hide:[]
	+ tile.BlockPaint:                          	hide:[]
- BiblioCraft :
	+ BiblioBorderlessPainting:                 	keep:[0]
	+ BiblioCase:                               	keep:[0]
	+ BiblioClipboard:                          	hide:[]
	+ BiblioClock:                              	keep:[0]
	+ BiblioDesk:                               	keep:[0]
	+ BiblioFancyPainting:                      	keep:[0]
	+ BiblioFancySign:                          	keep:[0]
	+ BiblioFlatPainting:                       	keep:[0]
	+ BiblioIronLamp:                           	keep:[0]
	+ BiblioIronLantern:                        	keep:[0]
	+ BiblioLabel:                              	keep:[0]
	+ BiblioLamp:                               	keep:[0]
	+ BiblioLantern:                            	keep:[0]
	+ BiblioMapFrames:                          	keep:[0]
	+ BiblioMiddlePainting:                     	keep:[0]
	+ BiblioPaneler:                            	keep:[0]
	+ BiblioPotionShelf:                        	keep:[0]
	+ BiblioRack:                               	keep:[0]
	+ BiblioSeats:                              	keep:[0]
	+ BiblioShelf:                              	keep:[0]
	+ BiblioSimplePainting:                     	keep:[0]
	+ BiblioSwordPedestal:                      	keep:[0]
	+ BiblioTable:                              	keep:[0]
	+ Bibliotheca:                              	keep:[0]
	+ BiblioTypewriter:                         	keep:[0]
	+ BiblioWorkbench:                          	keep:[0]
	+ BookcaseFilled:                           	hide:[]
	+ item.AtlasPlate:                          	hide:[]
	+ item.BiblioCreativeLock:                  	hide:[]
	+ item.DeathCompass:                        	hide:[]
	+ item.EnchantedPlate:                      	hide:[]
	+ item.PrintPlate:                          	hide:[]
	+ item.RecipeBook:                          	hide:[]
	+ item.seatBack:                            	keep:[0]
	+ item.seatBack2:                           	keep:[0]
	+ item.seatBack3:                           	keep:[0]
	+ item.seatBack4:                           	keep:[0]
	+ item.seatBack5:                           	keep:[0]
- Botania :
	+ altar:                                    	keep:[0]
	+ ancientWill:                              	hide:[]
	+ biomeStoneA:                              	keep:[0]
	+ biomeStoneA0Slab:                         	keep:[0]
	+ biomeStoneA0SlabFull:                     	keep:[0]	hide:[]
	+ biomeStoneA0Stairs:                       	keep:[0]
	+ biomeStoneA0Wall:                         	keep:[0]
	+ biomeStoneA10Slab:                        	keep:[0]
	+ biomeStoneA10SlabFull:                    	keep:[0]	hide:[]
	+ biomeStoneA10Stairs:                      	keep:[0]
	+ biomeStoneA11Slab:                        	keep:[0]
	+ biomeStoneA11SlabFull:                    	keep:[0]	hide:[]
	+ biomeStoneA11Stairs:                      	keep:[0]
	+ biomeStoneA12Slab:                        	keep:[0]
	+ biomeStoneA12SlabFull:                    	keep:[0]	hide:[]
	+ biomeStoneA12Stairs:                      	keep:[0]
	+ biomeStoneA13Slab:                        	keep:[0]
	+ biomeStoneA13SlabFull:                    	keep:[0]	hide:[]
	+ biomeStoneA13Stairs:                      	keep:[0]
	+ biomeStoneA14Slab:                        	keep:[0]
	+ biomeStoneA14SlabFull:                    	keep:[0]	hide:[]
	+ biomeStoneA14Stairs:                      	keep:[0]
	+ biomeStoneA15Slab:                        	keep:[0]
	+ biomeStoneA15SlabFull:                    	keep:[0]	hide:[]
	+ biomeStoneA15Stairs:                      	keep:[0]
	+ biomeStoneA1Slab:                         	keep:[0]
	+ biomeStoneA1SlabFull:                     	keep:[0]	hide:[]
	+ biomeStoneA1Stairs:                       	keep:[0]
	+ biomeStoneA2Slab:                         	keep:[0]
	+ biomeStoneA2SlabFull:                     	keep:[0]	hide:[]
	+ biomeStoneA2Stairs:                       	keep:[0]
	+ biomeStoneA3Slab:                         	keep:[0]
	+ biomeStoneA3SlabFull:                     	keep:[0]	hide:[]
	+ biomeStoneA3Stairs:                       	keep:[0]
	+ biomeStoneA4Slab:                         	keep:[0]
	+ biomeStoneA4SlabFull:                     	keep:[0]	hide:[]
	+ biomeStoneA4Stairs:                       	keep:[0]
	+ biomeStoneA5Slab:                         	keep:[0]
	+ biomeStoneA5SlabFull:                     	keep:[0]	hide:[]
	+ biomeStoneA5Stairs:                       	keep:[0]
	+ biomeStoneA6Slab:                         	keep:[0]
	+ biomeStoneA6SlabFull:                     	keep:[0]	hide:[]
	+ biomeStoneA6Stairs:                       	keep:[0]
	+ biomeStoneA7Slab:                         	keep:[0]
	+ biomeStoneA7SlabFull:                     	keep:[0]	hide:[]
	+ biomeStoneA7Stairs:                       	keep:[0]
	+ biomeStoneA8Slab:                         	keep:[0]
	+ biomeStoneA8SlabFull:                     	keep:[0]	hide:[]
	+ biomeStoneA8Stairs:                       	keep:[0]
	+ biomeStoneA9Slab:                         	keep:[0]
	+ biomeStoneA9SlabFull:                     	keep:[0]	hide:[]
	+ biomeStoneA9Stairs:                       	keep:[0]
	+ biomeStoneB:                              	keep:[0]
	+ biomeStoneB0Slab:                         	keep:[0]
	+ biomeStoneB0SlabFull:                     	keep:[0]	hide:[]
	+ biomeStoneB0Stairs:                       	keep:[0]
	+ biomeStoneB1Slab:                         	keep:[0]
	+ biomeStoneB1SlabFull:                     	keep:[0]	hide:[]
	+ biomeStoneB1Stairs:                       	keep:[0]
	+ biomeStoneB2Slab:                         	keep:[0]
	+ biomeStoneB2SlabFull:                     	keep:[0]	hide:[]
	+ biomeStoneB2Stairs:                       	keep:[0]
	+ biomeStoneB3Slab:                         	keep:[0]
	+ biomeStoneB3SlabFull:                     	keep:[0]	hide:[]
	+ biomeStoneB3Stairs:                       	keep:[0]
	+ biomeStoneB4Slab:                         	keep:[0]
	+ biomeStoneB4SlabFull:                     	keep:[0]	hide:[]
	+ biomeStoneB4Stairs:                       	keep:[0]
	+ biomeStoneB5Slab:                         	keep:[0]
	+ biomeStoneB5SlabFull:                     	keep:[0]	hide:[]
	+ biomeStoneB5Stairs:                       	keep:[0]
	+ biomeStoneB6Slab:                         	keep:[0]
	+ biomeStoneB6SlabFull:                     	keep:[0]	hide:[]
	+ biomeStoneB6Stairs:                       	keep:[0]
	+ biomeStoneB7Slab:                         	keep:[0]
	+ biomeStoneB7SlabFull:                     	keep:[0]	hide:[]
	+ biomeStoneB7Stairs:                       	keep:[0]
	+ bloodPendant:                             	keep:[0]/[, {}]
	+ brewFlask:                                	hide:[]
	+ brewVial:                                 	hide:[]
	+ buriedPetals:                             	hide:[]
	+ craftPattern:                             	hide:[]
	+ customBrick:                              	keep:[0, 1, 2, 3, 4]
	+ customBrick0SlabFull:                     	hide:[]
	+ customBrick1SlabFull:                     	hide:[]
	+ customBrick2SlabFull:                     	hide:[]
	+ customBrick3SlabFull:                     	hide:[]
	+ dirtPath0SlabFull:                        	hide:[]
	+ doubleFlower1:                            	hide:[]
	+ doubleFlower2:                            	hide:[]
	+ dreamwood0SlabFull:                       	hide:[]
	+ dreamwood1SlabFull:                       	hide:[]
	+ dye:                                      	keep:[0]
	+ endStoneBrick0SlabFull:                   	hide:[]
	+ endStoneBrick2SlabFull:                   	hide:[]
	+ fakeAir:                                  	hide:[]
	+ flightTiara:                              	keep:[0]
	+ floatingSpecialFlower:                    	keep-one:[0]
	+ gaiaHeadBlock:                            	hide:[]
	+ grassSeeds:                               	keep:[0]
	+ incenseStick:                             	keep:[0]/[, {}]
	+ laputaShard:                              	keep:[0]
	+ lens:                                     	keep:[0]
	+ livingrock0SlabFull:                      	hide:[]
	+ livingrock1SlabFull:                      	hide:[]
	+ livingwood0SlabFull:                      	hide:[]
	+ livingwood1SlabFull:                      	hide:[]
	+ manaBeacon:                               	keep:[0]
	+ manaFlame:                                	hide:[]
	+ miniIsland:                               	keep:[0]
	+ mushroom:                                 	hide:[]
	+ pavement:                                 	keep:[0]
	+ pavement0SlabFull:                        	hide:[]
	+ pavement1SlabFull:                        	hide:[]
	+ pavement2SlabFull:                        	hide:[]
	+ pavement3SlabFull:                        	hide:[]
	+ pavement4SlabFull:                        	hide:[]
	+ pavement5SlabFull:                        	hide:[]
	+ petal:                                    	keep:[0]
	+ petalBlock:                               	keep:[0]
	+ prismarine0SlabFull:                      	hide:[]
	+ prismarine1SlabFull:                      	hide:[]
	+ prismarine2SlabFull:                      	hide:[]
	+ quartz:                                   	keep:[0]
	+ quartzTypeBlaze:                          	hide:[]
	+ quartzTypeDark:                           	hide:[]
	+ quartzTypeElf:                            	hide:[]
	+ quartzTypeLavender:                       	hide:[]
	+ quartzTypeMana:                           	hide:[]
	+ quartzTypeRed:                            	hide:[]
	+ quartzTypeSunny:                          	hide:[]
	+ reedBlock0SlabFull:                       	hide:[]
	+ rune:                                     	keep:[0]
	+ shimmerrock0SlabFull:                     	hide:[]
	+ shimmerwoodPlanks0SlabFull:               	hide:[]
	+ shinyFlower:                              	keep:[0]
	+ signalFlare:                              	keep-one:[0]
	+ specialFlower:                            	keep-one:[0]
	+ stone0SlabFull:                           	hide:[]
	+ stone10SlabFull:                          	hide:[]
	+ stone11SlabFull:                          	hide:[]
	+ stone1SlabFull:                           	hide:[]
	+ stone2SlabFull:                           	hide:[]
	+ stone3SlabFull:                           	hide:[]
	+ stone8SlabFull:                           	hide:[]
	+ stone9SlabFull:                           	hide:[]
	+ terraPick:                                	keep-one:[0]
	+ thatch0SlabFull:                          	hide:[]
	+ twigWand:                                 	keep-one:[0]
	+ unstableBlock:                            	keep:[0]
- Botany :
	+ ceramic:                                  	keep-one:[0]
	+ ceramicBrick:                             	keep-one:[0]
	+ clay:                                     	keep-one:[0]
	+ flower:                                   	hide:[]
	+ insulatedTube:                            	keep-one:[0]
	+ pigment:                                  	keep-one:[0]
	+ plant:                                    	hide:[]
	+ pollen:                                   	hide:[]
	+ seed:                                     	hide:[]
	+ stained:                                  	keep-one:[0]
- BuildCraft|Core :
	+ paintbrush:                               	keep-one:[]
- BuildCraft|Transport :
	+ pipeFacade:                               	keep-one:[]/[*hollow:0b*, *hollow:1b*]
	+ pipeGate:                                 	keep-one:[]
	+ pipeLens:                                 	keep:[0]
- chisel :
	+ acacia_planks:                            	keep:[0]
	+ aluminum_stairs.0:                        	keep:[0]	hide:[]
	+ aluminum_stairs.1:                        	keep:[0]	hide:[]
	+ aluminum_stairs.2:                        	keep:[0]	hide:[]
	+ aluminum_stairs.3:                        	keep:[0]	hide:[]
	+ aluminum_stairs.4:                        	keep:[0]	hide:[]
	+ aluminum_stairs.5:                        	keep:[0]	hide:[]
	+ aluminum_stairs.6:                        	keep:[0]	hide:[]
	+ aluminum_stairs.7:                        	keep:[0]	hide:[]
	+ aluminumblock:                            	keep:[0]
	+ andesite:                                 	keep:[0]
	+ antiBlock:                                	keep:[0]
	+ beacon:                                   	keep:[0]
	+ birch_planks:                             	keep:[0]
	+ bookshelf:                                	keep:[0]
	+ brickCustom:                              	keep:[0]
	+ bronzeblock:                              	keep:[0]
	+ carpet:                                   	keep:[0]
	+ carpet_block:                             	keep:[0]
	+ chisel:                                   	keep:[0]
	+ cobblestone:                              	keep:[0]
	+ concrete:                                 	keep:[0]
	+ copperblock:                              	keep:[0]
	+ dark_oak_planks:                          	keep:[0]
	+ diamond_block:                            	keep:[0]
	+ diamondChisel:                            	keep:[0]
	+ diorite:                                  	keep:[0]
	+ dirt:                                     	keep:[0]
	+ emerald_block:                            	keep:[0]
	+ end_Stone:                                	keep:[0]
	+ factoryblock:                             	keep:[0]
	+ factoryblock2:                            	keep:[0]
	+ fantasyblock:                             	keep:[0]
	+ fantasyblock2:                            	keep:[0]
	+ futura:                                   	keep:[0]
	+ futuraCircuit:                            	keep:[0]
	+ glass:                                    	keep:[0]
	+ glass2:                                   	keep:[0]
	+ glass_pane:                               	keep:[0]	hide:[]
	+ glowstone:                                	keep:[0]
	+ gold2:                                    	keep:[0]
	+ gold_block:                               	keep:[0]
	+ granite:                                  	keep:[0]
	+ grimstone:                                	keep:[0]
	+ holystone:                                	keep:[0]
	+ ice:                                      	keep:[0]
	+ ice_pillar:                               	keep:[0]
	+ ice_stairs.0:                             	keep:[0]	hide:[]
	+ ice_stairs.1:                             	keep:[0]	hide:[]
	+ ice_stairs.2:                             	keep:[0]	hide:[]
	+ ice_stairs.3:                             	keep:[0]	hide:[]
	+ ice_stairs.4:                             	keep:[0]	hide:[]
	+ ice_stairs.5:                             	keep:[0]	hide:[]
	+ ice_stairs.6:                             	keep:[0]	hide:[]
	+ ice_stairs.7:                             	keep:[0]	hide:[]
	+ iron2:                                    	keep:[0]
	+ iron_bars:                                	keep:[0]
	+ iron_block:                               	keep:[0]
	+ jackolantern1:                            	keep:[0]	hide:[]	show:[0]
	+ jackolantern10:                           	keep:[0]	hide:[]
	+ jackolantern11:                           	keep:[0]	hide:[]
	+ jackolantern12:                           	keep:[0]	hide:[]
	+ jackolantern13:                           	keep:[0]	hide:[]
	+ jackolantern14:                           	keep:[0]	hide:[]
	+ jackolantern15:                           	keep:[0]	hide:[]
	+ jackolantern16:                           	keep:[0]	hide:[]
	+ jackolantern2:                            	keep:[0]	hide:[]
	+ jackolantern3:                            	keep:[0]	hide:[]
	+ jackolantern4:                            	keep:[0]	hide:[]
	+ jackolantern5:                            	keep:[0]	hide:[]
	+ jackolantern6:                            	keep:[0]	hide:[]
	+ jackolantern7:                            	keep:[0]	hide:[]
	+ jackolantern8:                            	keep:[0]	hide:[]
	+ jackolantern9:                            	keep:[0]	hide:[]
	+ jungle_planks:                            	keep:[0]
	+ laboratoryblock:                          	keep:[0]
	+ lapis_block:                              	keep:[0]
	+ lavastone:                                	keep:[0]
	+ leaves:                                   	keep:[0]
	+ limestone:                                	keep:[0]
	+ limestone_slab:                           	keep:[0]
	+ limestone_slab_top:                       	keep:[0]
	+ limestone_stairs.0:                       	keep:[0]	hide:[]
	+ limestone_stairs.1:                       	keep:[0]	hide:[]
	+ limestone_stairs.2:                       	keep:[0]	hide:[]
	+ limestone_stairs.3:                       	keep:[0]	hide:[]
	+ limestone_stairs.4:                       	keep:[0]	hide:[]
	+ limestone_stairs.5:                       	keep:[0]	hide:[]
	+ limestone_stairs.6:                       	keep:[0]	hide:[]
	+ limestone_stairs.7:                       	keep:[0]	hide:[]
	+ marble:                                   	keep:[0]
	+ marble_pillar:                            	keep:[0]
	+ marble_pillar_slab:                       	keep:[0]
	+ marble_pillar_slab_top:                   	keep:[0]
	+ marble_slab:                              	keep:[0]
	+ marble_slab_top:                          	keep:[0]
	+ marble_stairs.0:                          	keep:[0]	hide:[]
	+ marble_stairs.1:                          	keep:[0]	hide:[]
	+ marble_stairs.2:                          	keep:[0]	hide:[]
	+ marble_stairs.3:                          	keep:[0]	hide:[]
	+ marble_stairs.4:                          	keep:[0]	hide:[]
	+ marble_stairs.5:                          	keep:[0]	hide:[]
	+ marble_stairs.6:                          	keep:[0]	hide:[]
	+ marble_stairs.7:                          	keep:[0]	hide:[]
	+ mossy_cobblestone:                        	keep:[0]
	+ mossy_templeblock:                        	keep:[0]
	+ nation:                                   	keep:[0]
	+ nether_brick:                             	keep:[0]
	+ netherrack:                               	keep:[0]
	+ oak_planks:                               	keep:[0]
	+ obsidian:                                 	keep:[0]
	+ obsidian_snakestone:                      	keep:[0]
	+ obsidianChisel:                           	keep:[0]
	+ packedice:                                	keep:[0]
	+ packedice_pillar:                         	keep:[0]
	+ packedice_stairs.0:                       	keep:[0]	hide:[]
	+ packedice_stairs.1:                       	keep:[0]	hide:[]
	+ packedice_stairs.2:                       	keep:[0]	hide:[]
	+ packedice_stairs.3:                       	keep:[0]	hide:[]
	+ packedice_stairs.4:                       	keep:[0]	hide:[]
	+ packedice_stairs.5:                       	keep:[0]	hide:[]
	+ packedice_stairs.6:                       	keep:[0]	hide:[]
	+ packedice_stairs.7:                       	keep:[0]	hide:[]
	+ paperwall:                                	keep:[0]
	+ paperwall_block:                          	keep:[0]
	+ present:                                  	keep:[0]
	+ pumpkin1:                                 	keep:[0]	hide:[]	show:[0]
	+ pumpkin10:                                	keep:[0]	hide:[]
	+ pumpkin11:                                	keep:[0]	hide:[]
	+ pumpkin12:                                	keep:[0]	hide:[]
	+ pumpkin13:                                	keep:[0]	hide:[]
	+ pumpkin14:                                	keep:[0]	hide:[]
	+ pumpkin15:                                	keep:[0]	hide:[]
	+ pumpkin16:                                	keep:[0]	hide:[]
	+ pumpkin2:                                 	keep:[0]	hide:[]
	+ pumpkin3:                                 	keep:[0]	hide:[]
	+ pumpkin4:                                 	keep:[0]	hide:[]
	+ pumpkin5:                                 	keep:[0]	hide:[]
	+ pumpkin6:                                 	keep:[0]	hide:[]
	+ pumpkin7:                                 	keep:[0]	hide:[]
	+ pumpkin8:                                 	keep:[0]	hide:[]
	+ pumpkin9:                                 	keep:[0]	hide:[]
	+ purpur:                                   	keep:[0]
	+ rebel:                                    	keep:[0]
	+ redstone_block:                           	keep:[0]
	+ road_line:                                	keep:[0]
	+ sand_snakestone:                          	keep:[0]
	+ sandstone:                                	keep:[0]
	+ sandstone2:                               	keep:[0]
	+ sandstone_scribbles:                      	keep:[0]
	+ silverblock:                              	keep:[0]
	+ spruce_planks:                            	keep:[0]
	+ stained_glass_brown:                      	keep:[0]
	+ stained_glass_forestry:                   	keep:[0]
	+ stained_glass_lightgray:                  	keep:[0]
	+ stained_glass_pane_brown:                 	keep:[0]	hide:[]
	+ stained_glass_pane_lightgray:             	keep:[0]	hide:[]
	+ stained_glass_pane_magenta:               	keep:[0]	hide:[]
	+ stained_glass_pane_pink:                  	keep:[0]	hide:[]
	+ stained_glass_pane_purple:                	keep:[0]	hide:[]
	+ stained_glass_pane_red:                   	keep:[0]	hide:[]
	+ stained_glass_pane_white:                 	keep:[0]	hide:[]
	+ stained_glass_pane_yellow:                	keep:[0]	hide:[]
	+ stained_glass_white:                      	keep:[0]
	+ stained_glass_yellow:                     	keep:[0]
	+ steelblock:                               	keep:[0]
	+ stone_snakestone:                         	keep:[0]
	+ stonebricksmooth:                         	keep:[0]
	+ technical:                                	keep:[0]
	+ technical2:                               	keep:[0]
	+ technical3:                               	keep:[0]
	+ technical4:                               	keep:[0]
	+ templeblock:                              	keep:[0]
	+ tinblock:                                 	keep:[0]
	+ tyrian:                                   	keep:[0]
	+ uraniumblock:                             	keep:[0]
	+ valentines:                               	keep:[0]
	+ voidstone:                                	keep:[0]
	+ voidstone2:                               	keep:[0]
	+ voidstonePillar:                          	keep:[0]
	+ voidstonePillar2:                         	keep:[0]
	+ voidstoneRunic:                           	keep:[0]
	+ warningSign:                              	keep:[0]
	+ waterstone:                               	keep:[0]
	+ woolen_clay:                              	keep:[0]
- ExtraTrees :
	+ door:                                     	keep:[0]
	+ doubleSlab:                               	keep:[0]
	+ fence:                                    	keep:[0]
	+ gate:                                     	keep:[0]
	+ panel:                                    	keep:[0]
	+ slab:                                     	keep:[0]
	+ stairs:                                   	keep:[0]
- ExtraUtilities :
	+ cobblestone_compressed:                   	keep:[0, 8, 12, 14]
	+ decorativeBlock2:                         	keep:[0]
	+ drum:                                     	keep-one:[0, 1]
	+ greenscreen:                              	keep:[8]
- Forestry :
	+ adventurerBag:                            	hide:[]
	+ adventurerBagT2:                          	hide:[]
	+ beeDroneGE:                               	keep-one:[]
	+ beeLarvaeGE:                              	keep-one:[]
	+ beePrincessGE:                            	keep-one:[]
	+ canBiomass:                               	hide:[]
	+ candle:                                   	hide:[]
	+ canEmpty:                                 	hide:[]	show:[0]
	+ canEthanol:                               	hide:[]
	+ canHoney:                                 	hide:[]
	+ canIce:                                   	hide:[]
	+ canJuice:                                 	hide:[]
	+ canLava:                                  	hide:[]
	+ canMead:                                  	hide:[]
	+ canSeedOil:                               	hide:[]
	+ canShortMead:                             	hide:[]
	+ canWater:                                 	hide:[]
	+ caterpillarGE:                            	keep-one:[]
	+ cratedAcaciaSapling:                      	hide:[]
	+ cratedAcaciaWood:                         	hide:[]
	+ cratedApatite:                            	hide:[]
	+ cratedApples:                             	hide:[]
	+ cratedAsh:                                	hide:[]
	+ cratedBeeswax:                            	hide:[]
	+ cratedBirchSapling:                       	hide:[]
	+ cratedBirchWood:                          	hide:[]
	+ cratedBogearth:                           	hide:[]
	+ cratedBrick:                              	hide:[]
	+ cratedBronze:                             	hide:[]
	+ cratedCacti:                              	hide:[]
	+ cratedCarrots:                            	hide:[]
	+ cratedCharcoal:                           	hide:[]
	+ cratedCherry:                             	hide:[]
	+ cratedChestnut:                           	hide:[]
	+ cratedClay:                               	hide:[]
	+ cratedCoal:                               	hide:[]
	+ cratedCobblestone:                        	hide:[]
	+ cratedCocoaComb:                          	hide:[]
	+ cratedCookies:                            	hide:[]
	+ cratedCopper:                             	hide:[]
	+ cratedCrystallinePollen:                  	hide:[]
	+ cratedDarkOakSapling:                     	hide:[]
	+ cratedDarkOakWood:                        	hide:[]
	+ cratedDates:                              	hide:[]
	+ cratedDirt:                               	hide:[]
	+ cratedDrippingCombs:                      	hide:[]
	+ cratedFertilizer:                         	hide:[]
	+ cratedFrozenCombs:                        	hide:[]
	+ cratedGlowstone:                          	hide:[]
	+ cratedGravel:                             	hide:[]
	+ cratedHoneycombs:                         	hide:[]
	+ cratedHoneydew:                           	hide:[]
	+ cratedHumus:                              	hide:[]
	+ cratedJungleSapling:                      	hide:[]
	+ cratedJungleWood:                         	hide:[]
	+ cratedLapis:                              	hide:[]
	+ cratedLemon:                              	hide:[]
	+ cratedMellowCombs:                        	hide:[]
	+ cratedMossyCombs:                         	hide:[]
	+ cratedMulch:                              	hide:[]
	+ cratedMycelium:                           	hide:[]
	+ cratedMysteriousCombs:                    	hide:[]
	+ cratedNetherbrick:                        	hide:[]
	+ cratedNetherrack:                         	hide:[]
	+ cratedNetherwart:                         	hide:[]
	+ cratedObsidian:                           	hide:[]
	+ cratedPapaya:                             	hide:[]
	+ cratedParchedCombs:                       	hide:[]
	+ cratedPeat:                               	hide:[]
	+ cratedPhosphor:                           	hide:[]
	+ cratedPlum:                               	hide:[]
	+ cratedPodzol:                             	hide:[]
	+ cratedPollen:                             	hide:[]
	+ cratedPotatoes:                           	hide:[]
	+ cratedPowderyCombs:                       	hide:[]
	+ cratedPropolis:                           	hide:[]
	+ cratedRedSand:                            	hide:[]
	+ cratedRedstone:                           	hide:[]
	+ cratedReeds:                              	hide:[]
	+ cratedRefractoryWax:                      	hide:[]
	+ cratedRoyalJelly:                         	hide:[]
	+ cratedSand:                               	hide:[]
	+ cratedSandstone:                          	hide:[]
	+ cratedSaplings:                           	hide:[]
	+ cratedSeeds:                              	hide:[]
	+ cratedSilkyCombs:                         	hide:[]
	+ cratedSimmeringCombs:                     	hide:[]
	+ cratedSoulsand:                           	hide:[]
	+ cratedSpruceSapling:                      	hide:[]
	+ cratedSpruceWood:                         	hide:[]
	+ cratedStone:                              	hide:[]
	+ cratedStringyCombs:                       	hide:[]
	+ cratedTin:                                	hide:[]
	+ cratedWalnut:                             	hide:[]
	+ cratedWheat:                              	hide:[]
	+ cratedWheatenCombs:                       	hide:[]
	+ cratedWood:                               	hide:[]
	+ fences:                                   	keep:[0]
	+ fencesFireproof:                          	keep:[0]
	+ ffarm:                                    	keep-one:[]
	+ leaves:                                   	keep-one:[]
	+ logsFireproof:                            	keep:[0]
	+ planksFireproof:                          	keep:[0]
	+ pollenFertile:                            	keep-one:[]
	+ refractoryBiomass:                        	hide:[]
	+ refractoryEmpty:                          	hide:[]	show:[0]
	+ refractoryEthanol:                        	hide:[]
	+ refractoryHoney:                          	hide:[]
	+ refractoryIce:                            	hide:[]
	+ refractoryJuice:                          	hide:[]
	+ refractoryLava:                           	hide:[]
	+ refractoryMead:                           	hide:[]
	+ refractorySeedOil:                        	hide:[]
	+ refractoryShortMead:                      	hide:[]
	+ refractoryWater:                          	hide:[]
	+ refractoryWax:                            	hide:[]
	+ resources:                                	keep:[0]
	+ sapling:                                  	keep-one:[]
	+ slabs:                                    	keep:[0]
	+ slabsDouble:                              	keep:[0]
	+ slabsDoubleFireproof:                     	keep:[0]
	+ slabsFireproof:                           	keep:[0]
	+ stairs:                                   	keep:[0]
	+ stairsFireproof:                          	keep:[0]
	+ waxCapsule:                               	hide:[]	show:[0]
	+ waxCapsuleBiomass:                        	hide:[]
	+ waxCapsuleEthanol:                        	hide:[]
	+ waxCapsuleHoney:                          	hide:[]
	+ waxCapsuleIce:                            	hide:[]
	+ waxCapsuleJuice:                          	hide:[]
	+ waxCapsuleMead:                           	hide:[]
	+ waxCapsuleSeedOil:                        	hide:[]
	+ waxCapsuleShortMead:                      	hide:[]
	+ waxCapsuleWater:                          	hide:[]
	+ waxCast:                                  	hide:[]
- ForgeMicroblock :
	+ microblock:                               	keep-one:[]
- Genetics :
	+ serum:                                    	keep-one:[]
	+ serumArray:                               	keep-one:[]
- minecraft :
	+ carpet:                                   	keep:[0]
	+ dragon_egg:                               	keep:[0]
	+ fire:                                     	hide:[]
	+ flowing_lava:                             	hide:[]
	+ flowing_water:                            	hide:[]
	+ lava:                                     	hide:[]
	+ mob_spawner:                              	keep:[0]
	+ monster_egg:                              	keep:[0]
	+ potion:                                   	keep:[0]
	+ spawn_egg:                                	keep:[0]
	+ stained_glass:                            	keep:[0]
	+ stained_glass_pane:                       	keep:[0]
	+ stained_hardened_clay:                    	keep:[0]
	+ water:                                    	hide:[]
	+ wool:                                     	keep:[0]
- OpenBlocks :
	+ elevator:                                 	keep:[0]
	+ elevator_rotating:                        	keep:[0]
	+ paintBrush:                               	keep-one:[]
	+ paintcan:                                 	keep-one:[]
	+ trophy:                                   	keep-one:[]